2025-03-12 10:23:00 | WARN | repo=arquillian-phantom-driver | action=edit | files=2
2025-08-08 08:06:00 | INFO | repo=arquillian-phantom-driver | action=commit
2025-02-10 20:25:00 | WARN | repo=arquillian-phantom-driver | action=commit
2025-10-14 18:14:00 | DEBUG | repo=arquillian-phantom-driver | action=commit
2025-08-15 20:50:00 | DEBUG | repo=arquillian-phantom-driver | action=commit
2025-03-27 08:33:00 | WARN | repo=arquillian-phantom-driver | action=commit
2025-08-26 17:56:00 | INFO | repo=arquillian-phantom-driver | action=commit
2025-05-04 18:45:00 | DEBUG | repo=arquillian-phantom-driver | action=commit
2025-04-21 18:40:00 | DEBUG | repo=arquillian-phantom-driver | action=commit
2025-04-23 08:17:00 | INFO | repo=arquillian-phantom-driver | action=commit
2025-09-28 14:28:00 | DEBUG | repo=arquillian-phantom-driver | action=commit
2025-03-16 10:28:00 | INFO | repo=arquillian-phantom-driver | action=commit
2025-08-18 17:15:00 | WARN | repo=arquillian-phantom-driver | action=pull
2025-01-16 14:04:00 | WARN | repo=arquillian-phantom-driver | action=commit
2025-03-10 16:20:00 | WARN | repo=arquillian-phantom-driver | action=commit
2025-06-19 16:27:00 | WARN | repo=arquillian-phantom-driver | action=commit
2025-12-26 08:23:00 | INFO | repo=arquillian-phantom-driver | action=commit
2025-11-18 18:13:00 | INFO | repo=arquillian-phantom-driver | action=commit
2025-04-22 18:44:00 | DEBUG | repo=arquillian-phantom-driver | action=commit
2025-05-25 21:22:00 | WARN | repo=arquillian-phantom-driver | action=commit
